<?xml version="1.0" encoding="UTF-8"?>
<!-- Generated by org.testng.reporters.JUnitReportReporter -->
<testsuite skipped="0" hostname="DESKTOP-48OVMJD" name="seleniumTestNG.SearchUserTests" tests="1" failures="0" timestamp="18 Nov 2021 00:47:40 GMT" time="4.247" errors="0">
  <testcase name="searchUser" time="4.247" classname="seleniumTestNG.SearchUserTests"/>
</testsuite> <!-- seleniumTestNG.SearchUserTests -->
